# Logfile created on 2010-12-02 13:00:30 +0100 by logger.rb/25413
REQUESTING PAGE: GET /families/1 with {} and HTTP headers {}
REQUESTING PAGE: GET /families/1 with {} and HTTP headers {}
REQUESTING PAGE: GET /families/1 with {} and HTTP headers {}
REQUESTING PAGE: GET /members/new with {} and HTTP headers {"HTTP_REFERER"=>"/families/1"}
REQUESTING PAGE: GET /families/1 with {} and HTTP headers {}
REQUESTING PAGE: GET /members/new with {} and HTTP headers {"HTTP_REFERER"=>"/families/1"}
REQUESTING PAGE: GET /families/1 with {} and HTTP headers {}
REQUESTING PAGE: GET /members/new with {} and HTTP headers {"HTTP_REFERER"=>"/families/1"}
REQUESTING PAGE: GET /families/1 with {} and HTTP headers {}
REQUESTING PAGE: GET /members/new with {} and HTTP headers {"HTTP_REFERER"=>"/families/1"}
REQUESTING PAGE: GET /families/1 with {} and HTTP headers {}
REQUESTING PAGE: GET /members/new with {} and HTTP headers {"HTTP_REFERER"=>"/families/1"}
REQUESTING PAGE: GET /families/1 with {} and HTTP headers {}
REQUESTING PAGE: GET /members/new with {} and HTTP headers {"HTTP_REFERER"=>"/families/1"}
REQUESTING PAGE: GET /families/1 with {} and HTTP headers {}
REQUESTING PAGE: GET /families/1 with {} and HTTP headers {}
REQUESTING PAGE: GET /members/new_spouse?id=1 with {} and HTTP headers {"HTTP_REFERER"=>"/families/1"}
REQUESTING PAGE: GET /families/1 with {} and HTTP headers {}
REQUESTING PAGE: GET /members/new_spouse?id=1 with {} and HTTP headers {"HTTP_REFERER"=>"/families/1"}
REQUESTING PAGE: GET /families/1 with {} and HTTP headers {}
REQUESTING PAGE: GET /members/new_spouse?id=1 with {} and HTTP headers {"HTTP_REFERER"=>"/families/1"}
REQUESTING PAGE: GET /families/1 with {} and HTTP headers {}
REQUESTING PAGE: GET /members/new_spouse?id=1 with {} and HTTP headers {"HTTP_REFERER"=>"/families/1"}
REQUESTING PAGE: GET /families/1 with {} and HTTP headers {}
REQUESTING PAGE: GET /members/new?spouse=1 with {} and HTTP headers {"HTTP_REFERER"=>"/families/1"}
REQUESTING PAGE: GET /families/1 with {} and HTTP headers {}
REQUESTING PAGE: GET /members/new?spouse=1 with {} and HTTP headers {"HTTP_REFERER"=>"/families/1"}
REQUESTING PAGE: GET /families/1 with {} and HTTP headers {}
REQUESTING PAGE: GET /members/new?spouse=1 with {} and HTTP headers {"HTTP_REFERER"=>"/families/1"}
REQUESTING PAGE: GET /families/1 with {} and HTTP headers {}
REQUESTING PAGE: GET /members/new?spouse=1 with {} and HTTP headers {"HTTP_REFERER"=>"/families/1"}
REQUESTING PAGE: GET /families/1 with {} and HTTP headers {}
REQUESTING PAGE: GET /members/new?spouse=1 with {} and HTTP headers {"HTTP_REFERER"=>"/families/1"}
REQUESTING PAGE: GET /families/1 with {} and HTTP headers {}
REQUESTING PAGE: GET /members/new?spouse=1 with {} and HTTP headers {"HTTP_REFERER"=>"/families/1"}
REQUESTING PAGE: GET /families/1 with {} and HTTP headers {}
REQUESTING PAGE: GET /members/new?spouse=1 with {} and HTTP headers {"HTTP_REFERER"=>"/families/1"}
REQUESTING PAGE: GET /families/1 with {} and HTTP headers {}
REQUESTING PAGE: GET /members/new?spouse=1 with {} and HTTP headers {"HTTP_REFERER"=>"/families/1"}
REQUESTING PAGE: GET /families/1 with {} and HTTP headers {}
REQUESTING PAGE: GET /members/new?spouse=1 with {} and HTTP headers {"HTTP_REFERER"=>"/families/1"}
REQUESTING PAGE: GET /families/1 with {} and HTTP headers {}
REQUESTING PAGE: GET /members/new?spouse=1 with {} and HTTP headers {"HTTP_REFERER"=>"/families/1"}
REQUESTING PAGE: GET /families/1 with {} and HTTP headers {}
REQUESTING PAGE: GET /members/new?spouse=1 with {} and HTTP headers {"HTTP_REFERER"=>"/families/1"}
REQUESTING PAGE: GET /families/1 with {} and HTTP headers {}
REQUESTING PAGE: GET /members/new?spouse=1 with {} and HTTP headers {"HTTP_REFERER"=>"/families/1"}
REQUESTING PAGE: GET /families/1 with {} and HTTP headers {}
REQUESTING PAGE: GET /members/new?spouse=1 with {} and HTTP headers {"HTTP_REFERER"=>"/families/1"}
REQUESTING PAGE: GET /families/1 with {} and HTTP headers {}
REQUESTING PAGE: GET /members/new?spouse=1 with {} and HTTP headers {"HTTP_REFERER"=>"/families/1"}
REQUESTING PAGE: GET /families/1 with {} and HTTP headers {}
REQUESTING PAGE: GET /members/new?spouse=1 with {} and HTTP headers {"HTTP_REFERER"=>"/families/1"}
REQUESTING PAGE: GET /families/1 with {} and HTTP headers {}
REQUESTING PAGE: GET /members/new?spouse=1 with {} and HTTP headers {"HTTP_REFERER"=>"/families/1"}
REQUESTING PAGE: GET /families/1 with {} and HTTP headers {}
REQUESTING PAGE: GET /members/new?spouse=1 with {} and HTTP headers {"HTTP_REFERER"=>"/families/1"}
REQUESTING PAGE: GET /families/1 with {} and HTTP headers {}
REQUESTING PAGE: GET /members/new?spouse=1 with {} and HTTP headers {"HTTP_REFERER"=>"/families/1"}
REQUESTING PAGE: GET /families/1 with {} and HTTP headers {}
REQUESTING PAGE: GET /members/new?spouse=1 with {} and HTTP headers {"HTTP_REFERER"=>"/families/1"}
REQUESTING PAGE: GET /families/1 with {} and HTTP headers {}
REQUESTING PAGE: GET /members/new?spouse=1 with {} and HTTP headers {"HTTP_REFERER"=>"/families/1"}
REQUESTING PAGE: GET /families/1 with {} and HTTP headers {}
REQUESTING PAGE: GET /members/new?spouse=1 with {} and HTTP headers {"HTTP_REFERER"=>"/families/1"}
REQUESTING PAGE: GET /families/1 with {} and HTTP headers {}
REQUESTING PAGE: GET /members/new?spouse=1 with {} and HTTP headers {"HTTP_REFERER"=>"/families/1"}
REQUESTING PAGE: GET /families/1 with {} and HTTP headers {}
REQUESTING PAGE: GET /families/1 with {} and HTTP headers {}
REQUESTING PAGE: GET /members/new?spouse=1 with {} and HTTP headers {"HTTP_REFERER"=>"/families/1"}
REQUESTING PAGE: GET /families/1 with {} and HTTP headers {}
REQUESTING PAGE: GET /members/new?parent=1 with {} and HTTP headers {"HTTP_REFERER"=>"/families/1"}
REQUESTING PAGE: GET /families/1 with {} and HTTP headers {}
REQUESTING PAGE: GET /members/new?spouse=1 with {} and HTTP headers {"HTTP_REFERER"=>"/families/1"}
REQUESTING PAGE: GET /families/1 with {} and HTTP headers {}
REQUESTING PAGE: GET /members/new?parent=1 with {} and HTTP headers {"HTTP_REFERER"=>"/families/1"}
REQUESTING PAGE: GET /families/1 with {} and HTTP headers {}
REQUESTING PAGE: GET /members/new?spouse=1 with {} and HTTP headers {"HTTP_REFERER"=>"/families/1"}
REQUESTING PAGE: GET /families/1 with {} and HTTP headers {}
REQUESTING PAGE: GET /members/new?parent=1 with {} and HTTP headers {"HTTP_REFERER"=>"/families/1"}
REQUESTING PAGE: GET /families/1 with {} and HTTP headers {}
REQUESTING PAGE: GET /members/new?spouse=1 with {} and HTTP headers {"HTTP_REFERER"=>"/families/1"}
REQUESTING PAGE: GET /families/1 with {} and HTTP headers {}
REQUESTING PAGE: GET /members/new?parent=1 with {} and HTTP headers {"HTTP_REFERER"=>"/families/1"}
REQUESTING PAGE: GET /families/1 with {} and HTTP headers {}
REQUESTING PAGE: GET /members/new?spouse=1 with {} and HTTP headers {"HTTP_REFERER"=>"/families/1"}
REQUESTING PAGE: GET /families/1 with {} and HTTP headers {}
REQUESTING PAGE: GET /members/new?parent=1 with {} and HTTP headers {"HTTP_REFERER"=>"/families/1"}
REQUESTING PAGE: GET /families/1 with {} and HTTP headers {}
REQUESTING PAGE: GET /members/new?spouse=1 with {} and HTTP headers {"HTTP_REFERER"=>"/families/1"}
REQUESTING PAGE: GET /families/1 with {} and HTTP headers {}
REQUESTING PAGE: GET /members/new?parent=1 with {} and HTTP headers {"HTTP_REFERER"=>"/families/1"}
REQUESTING PAGE: GET /families/1 with {} and HTTP headers {}
REQUESTING PAGE: GET /members/new?spouse=1 with {} and HTTP headers {"HTTP_REFERER"=>"/families/1"}
REQUESTING PAGE: GET /families/1 with {} and HTTP headers {}
REQUESTING PAGE: GET /members/new?parent=1 with {} and HTTP headers {"HTTP_REFERER"=>"/families/1"}
REQUESTING PAGE: GET /families/1 with {} and HTTP headers {}
REQUESTING PAGE: GET /members/new?spouse=1 with {} and HTTP headers {"HTTP_REFERER"=>"/families/1"}
REQUESTING PAGE: GET /families/1 with {} and HTTP headers {}
REQUESTING PAGE: GET /members/new?parent=1 with {} and HTTP headers {"HTTP_REFERER"=>"/families/1"}
REQUESTING PAGE: GET /families/1 with {} and HTTP headers {}
REQUESTING PAGE: GET /members/new?spouse=1 with {} and HTTP headers {"HTTP_REFERER"=>"/families/1"}
REQUESTING PAGE: GET /families/1 with {} and HTTP headers {}
REQUESTING PAGE: GET /members/new?parent=1 with {} and HTTP headers {"HTTP_REFERER"=>"/families/1"}
REQUESTING PAGE: GET /families/1 with {} and HTTP headers {}
REQUESTING PAGE: GET /members/new?spouse=1 with {} and HTTP headers {"HTTP_REFERER"=>"/families/1"}
REQUESTING PAGE: GET /families/1 with {} and HTTP headers {}
REQUESTING PAGE: GET /members/new?parent=1 with {} and HTTP headers {"HTTP_REFERER"=>"/families/1"}
REQUESTING PAGE: GET /families/1 with {} and HTTP headers {}
REQUESTING PAGE: GET /members/new?spouse=1 with {} and HTTP headers {"HTTP_REFERER"=>"/families/1"}
REQUESTING PAGE: GET /families/1 with {} and HTTP headers {}
REQUESTING PAGE: GET /members/new?parent=1 with {} and HTTP headers {"HTTP_REFERER"=>"/families/1"}
REQUESTING PAGE: GET /families/1 with {} and HTTP headers {}
REQUESTING PAGE: GET /members/new?spouse=1 with {} and HTTP headers {"HTTP_REFERER"=>"/families/1"}
REQUESTING PAGE: GET /families/1 with {} and HTTP headers {}
REQUESTING PAGE: GET /members/new?parent=1 with {} and HTTP headers {"HTTP_REFERER"=>"/families/1"}
REQUESTING PAGE: GET /families/1 with {} and HTTP headers {}
REQUESTING PAGE: GET /members/new?spouse=1 with {} and HTTP headers {"HTTP_REFERER"=>"/families/1"}
REQUESTING PAGE: GET /families/1 with {} and HTTP headers {}
REQUESTING PAGE: GET /members/new?parent=1 with {} and HTTP headers {"HTTP_REFERER"=>"/families/1"}
REQUESTING PAGE: GET /families/1 with {} and HTTP headers {}
REQUESTING PAGE: GET /members/new?spouse=1 with {} and HTTP headers {"HTTP_REFERER"=>"/families/1"}
REQUESTING PAGE: GET /families/1 with {} and HTTP headers {}
REQUESTING PAGE: GET /members/new?parent=1 with {} and HTTP headers {"HTTP_REFERER"=>"/families/1"}
REQUESTING PAGE: GET /families/1 with {} and HTTP headers {}
REQUESTING PAGE: GET /members/new?spouse=1 with {} and HTTP headers {"HTTP_REFERER"=>"/families/1"}
REQUESTING PAGE: GET /families/1 with {} and HTTP headers {}
REQUESTING PAGE: GET /members/new?parent=1 with {} and HTTP headers {"HTTP_REFERER"=>"/families/1"}
REQUESTING PAGE: GET /families/1 with {} and HTTP headers {}
REQUESTING PAGE: GET /members/new?spouse=1 with {} and HTTP headers {"HTTP_REFERER"=>"/families/1"}
REQUESTING PAGE: GET /families/1 with {} and HTTP headers {}
REQUESTING PAGE: GET /members/new?parent=1 with {} and HTTP headers {"HTTP_REFERER"=>"/families/1"}
REQUESTING PAGE: GET /families/1 with {} and HTTP headers {}
REQUESTING PAGE: GET /members/new?spouse=1 with {} and HTTP headers {"HTTP_REFERER"=>"/families/1"}
REQUESTING PAGE: GET /families/1 with {} and HTTP headers {}
REQUESTING PAGE: GET /members/new?parent=1 with {} and HTTP headers {"HTTP_REFERER"=>"/families/1"}
REQUESTING PAGE: GET /families/1 with {} and HTTP headers {}
REQUESTING PAGE: GET /members/new?spouse=1 with {} and HTTP headers {"HTTP_REFERER"=>"/families/1"}
REQUESTING PAGE: GET /families/1 with {} and HTTP headers {}
REQUESTING PAGE: GET /members/new?parent=1 with {} and HTTP headers {"HTTP_REFERER"=>"/families/1"}
REQUESTING PAGE: GET /families/1 with {} and HTTP headers {}
REQUESTING PAGE: GET /members/new?spouse=1 with {} and HTTP headers {"HTTP_REFERER"=>"/families/1"}
REQUESTING PAGE: GET /families/1 with {} and HTTP headers {}
REQUESTING PAGE: GET /members/new?parent=1 with {} and HTTP headers {"HTTP_REFERER"=>"/families/1"}
REQUESTING PAGE: GET /families/1 with {} and HTTP headers {}
REQUESTING PAGE: GET /members/new?spouse=1 with {} and HTTP headers {"HTTP_REFERER"=>"/families/1"}
REQUESTING PAGE: GET /families/1 with {} and HTTP headers {}
REQUESTING PAGE: GET /members/new?parent=1 with {} and HTTP headers {"HTTP_REFERER"=>"/families/1"}
REQUESTING PAGE: GET /families/1 with {} and HTTP headers {}
REQUESTING PAGE: GET /families/1 with {} and HTTP headers {}
REQUESTING PAGE: GET /families/1 with {} and HTTP headers {}
REQUESTING PAGE: GET /members/new?spouse=1 with {} and HTTP headers {"HTTP_REFERER"=>"/families/1"}
REQUESTING PAGE: GET /families/1 with {} and HTTP headers {}
REQUESTING PAGE: GET /members/new?parent=1 with {} and HTTP headers {"HTTP_REFERER"=>"/families/1"}
REQUESTING PAGE: GET /families/1 with {} and HTTP headers {}
REQUESTING PAGE: GET /families/1 with {} and HTTP headers {}
REQUESTING PAGE: GET /families/1 with {} and HTTP headers {}
REQUESTING PAGE: GET /members/new?spouse=1 with {} and HTTP headers {"HTTP_REFERER"=>"/families/1"}
REQUESTING PAGE: GET /families/1 with {} and HTTP headers {}
REQUESTING PAGE: GET /members/new?parent=1 with {} and HTTP headers {"HTTP_REFERER"=>"/families/1"}
REQUESTING PAGE: GET /families/1 with {} and HTTP headers {}
REQUESTING PAGE: GET /families/1 with {} and HTTP headers {}
REQUESTING PAGE: GET /families/1 with {} and HTTP headers {}
REQUESTING PAGE: GET /members/new?spouse=1 with {} and HTTP headers {"HTTP_REFERER"=>"/families/1"}
REQUESTING PAGE: GET /families/1 with {} and HTTP headers {}
REQUESTING PAGE: GET /members/new?parent=1 with {} and HTTP headers {"HTTP_REFERER"=>"/families/1"}
REQUESTING PAGE: GET /families/1 with {} and HTTP headers {}
REQUESTING PAGE: GET /families/1 with {} and HTTP headers {}
REQUESTING PAGE: GET /families/1 with {} and HTTP headers {}
REQUESTING PAGE: GET /members/new?spouse=1 with {} and HTTP headers {"HTTP_REFERER"=>"/families/1"}
REQUESTING PAGE: GET /families/1 with {} and HTTP headers {}
REQUESTING PAGE: GET /members/new?parent=1 with {} and HTTP headers {"HTTP_REFERER"=>"/families/1"}
REQUESTING PAGE: GET /families/1 with {} and HTTP headers {}
REQUESTING PAGE: GET /families/1 with {} and HTTP headers {}
REQUESTING PAGE: GET /families/1 with {} and HTTP headers {}
REQUESTING PAGE: GET /members/new?spouse=1 with {} and HTTP headers {"HTTP_REFERER"=>"/families/1"}
REQUESTING PAGE: GET /families/1 with {} and HTTP headers {}
REQUESTING PAGE: GET /members/new?parent=1 with {} and HTTP headers {"HTTP_REFERER"=>"/families/1"}
REQUESTING PAGE: GET /families/1 with {} and HTTP headers {}
REQUESTING PAGE: GET /families/1 with {} and HTTP headers {}
REQUESTING PAGE: GET /families/1 with {} and HTTP headers {}
REQUESTING PAGE: GET /members/new?spouse=1 with {} and HTTP headers {"HTTP_REFERER"=>"/families/1"}
REQUESTING PAGE: GET /families/1 with {} and HTTP headers {}
REQUESTING PAGE: GET /members/new?parent=1 with {} and HTTP headers {"HTTP_REFERER"=>"/families/1"}
REQUESTING PAGE: GET /families/1 with {} and HTTP headers {}
REQUESTING PAGE: GET /families/1 with {} and HTTP headers {}
REQUESTING PAGE: GET /families/1 with {} and HTTP headers {}
REQUESTING PAGE: GET /members/new?spouse=1 with {} and HTTP headers {"HTTP_REFERER"=>"/families/1"}
REQUESTING PAGE: GET /families/1 with {} and HTTP headers {}
REQUESTING PAGE: GET /members/new?parent=1 with {} and HTTP headers {"HTTP_REFERER"=>"/families/1"}
REQUESTING PAGE: GET /families/1 with {} and HTTP headers {}
REQUESTING PAGE: GET /families/1 with {} and HTTP headers {}
REQUESTING PAGE: GET /families/1 with {} and HTTP headers {}
REQUESTING PAGE: GET /families/1 with {} and HTTP headers {}
REQUESTING PAGE: GET /families/1 with {} and HTTP headers {}
REQUESTING PAGE: GET /families/1 with {} and HTTP headers {}
REQUESTING PAGE: GET /families/1 with {} and HTTP headers {}
REQUESTING PAGE: GET /families/1 with {} and HTTP headers {}
REQUESTING PAGE: GET /members/new?spouse=1 with {} and HTTP headers {"HTTP_REFERER"=>"/families/1"}
REQUESTING PAGE: GET /families/1 with {} and HTTP headers {}
REQUESTING PAGE: GET /members/new?parent=1 with {} and HTTP headers {"HTTP_REFERER"=>"/families/1"}
REQUESTING PAGE: GET /families/1 with {} and HTTP headers {}
REQUESTING PAGE: GET /families/1 with {} and HTTP headers {}
REQUESTING PAGE: GET /families/1 with {} and HTTP headers {}
REQUESTING PAGE: GET /families/1 with {} and HTTP headers {}
REQUESTING PAGE: GET /families/1 with {} and HTTP headers {}
REQUESTING PAGE: GET /families/1 with {} and HTTP headers {}
REQUESTING PAGE: GET /families/1 with {} and HTTP headers {}
REQUESTING PAGE: GET /families/1 with {} and HTTP headers {}
REQUESTING PAGE: GET /members/new?spouse=1 with {} and HTTP headers {"HTTP_REFERER"=>"/families/1"}
REQUESTING PAGE: GET /families/1 with {} and HTTP headers {}
REQUESTING PAGE: GET /members/new?parent=1 with {} and HTTP headers {"HTTP_REFERER"=>"/families/1"}
REQUESTING PAGE: GET /families/1 with {} and HTTP headers {}
REQUESTING PAGE: GET /families/1 with {} and HTTP headers {}
REQUESTING PAGE: GET /families/1 with {} and HTTP headers {}
REQUESTING PAGE: GET /families/1 with {} and HTTP headers {}
REQUESTING PAGE: GET /families/1 with {} and HTTP headers {}
REQUESTING PAGE: GET /families/1 with {} and HTTP headers {}
REQUESTING PAGE: GET /families/1 with {} and HTTP headers {}
REQUESTING PAGE: GET /families/1 with {} and HTTP headers {}
REQUESTING PAGE: GET /members/new?spouse=1 with {} and HTTP headers {"HTTP_REFERER"=>"/families/1"}
REQUESTING PAGE: GET /families/1 with {} and HTTP headers {}
REQUESTING PAGE: GET /members/new?parent=1 with {} and HTTP headers {"HTTP_REFERER"=>"/families/1"}
REQUESTING PAGE: GET /families/1 with {} and HTTP headers {}
REQUESTING PAGE: GET /families/1 with {} and HTTP headers {}
REQUESTING PAGE: GET /families/1 with {} and HTTP headers {}
REQUESTING PAGE: GET /families/1 with {} and HTTP headers {}
REQUESTING PAGE: GET /families/1 with {} and HTTP headers {}
REQUESTING PAGE: GET /families/1 with {} and HTTP headers {}
REQUESTING PAGE: GET /families/1 with {} and HTTP headers {}
REQUESTING PAGE: GET /families/1 with {} and HTTP headers {}
REQUESTING PAGE: GET /members/new?spouse=1 with {} and HTTP headers {"HTTP_REFERER"=>"/families/1"}
REQUESTING PAGE: GET /families/1 with {} and HTTP headers {}
REQUESTING PAGE: GET /members/new?parent=1 with {} and HTTP headers {"HTTP_REFERER"=>"/families/1"}
REQUESTING PAGE: GET /families/1 with {} and HTTP headers {}
REQUESTING PAGE: GET /families/1 with {} and HTTP headers {}
REQUESTING PAGE: GET /families/1 with {} and HTTP headers {}
REQUESTING PAGE: GET /families/1 with {} and HTTP headers {}
REQUESTING PAGE: GET /families/1 with {} and HTTP headers {}
REQUESTING PAGE: GET /families/1 with {} and HTTP headers {}
REQUESTING PAGE: GET /families/1 with {} and HTTP headers {}
REQUESTING PAGE: GET /families/1 with {} and HTTP headers {}
REQUESTING PAGE: GET /members/new?spouse=1 with {} and HTTP headers {"HTTP_REFERER"=>"/families/1"}
REQUESTING PAGE: GET /families/1 with {} and HTTP headers {}
REQUESTING PAGE: GET /members/new?parent=1 with {} and HTTP headers {"HTTP_REFERER"=>"/families/1"}
REQUESTING PAGE: GET /families/1 with {} and HTTP headers {}
REQUESTING PAGE: GET /families/1 with {} and HTTP headers {}
REQUESTING PAGE: GET /families/1 with {} and HTTP headers {}
REQUESTING PAGE: GET /families/1 with {} and HTTP headers {}
REQUESTING PAGE: GET /families/1 with {} and HTTP headers {}
REQUESTING PAGE: GET /families/1 with {} and HTTP headers {}
REQUESTING PAGE: GET /families/1 with {} and HTTP headers {}
REQUESTING PAGE: GET /families/1 with {} and HTTP headers {}
REQUESTING PAGE: GET /members/new?spouse=1 with {} and HTTP headers {"HTTP_REFERER"=>"/families/1"}
REQUESTING PAGE: GET /families/1 with {} and HTTP headers {}
REQUESTING PAGE: GET /members/new?parent=1 with {} and HTTP headers {"HTTP_REFERER"=>"/families/1"}
REQUESTING PAGE: GET /families/1 with {} and HTTP headers {}
REQUESTING PAGE: GET /families/1 with {} and HTTP headers {}
REQUESTING PAGE: GET /families/1 with {} and HTTP headers {}
REQUESTING PAGE: GET /families/1 with {} and HTTP headers {}
REQUESTING PAGE: GET /families/1 with {} and HTTP headers {}
REQUESTING PAGE: GET /families/1 with {} and HTTP headers {}
REQUESTING PAGE: GET /families/1 with {} and HTTP headers {}
REQUESTING PAGE: GET /families/1 with {} and HTTP headers {}
REQUESTING PAGE: GET /members/new?spouse=1 with {} and HTTP headers {"HTTP_REFERER"=>"/families/1"}
REQUESTING PAGE: GET /families/1 with {} and HTTP headers {}
REQUESTING PAGE: GET /members/new?parent=1 with {} and HTTP headers {"HTTP_REFERER"=>"/families/1"}
REQUESTING PAGE: GET /families/1 with {} and HTTP headers {}
REQUESTING PAGE: GET /families/1 with {} and HTTP headers {}
REQUESTING PAGE: GET /families/1 with {} and HTTP headers {}
REQUESTING PAGE: GET /families/1 with {} and HTTP headers {}
REQUESTING PAGE: GET /families/1 with {} and HTTP headers {}
REQUESTING PAGE: GET /families/1 with {} and HTTP headers {}
REQUESTING PAGE: GET /families/1 with {} and HTTP headers {}
REQUESTING PAGE: GET /families/1 with {} and HTTP headers {}
REQUESTING PAGE: GET /members/new?spouse=1 with {} and HTTP headers {"HTTP_REFERER"=>"/families/1"}
REQUESTING PAGE: GET /families/1 with {} and HTTP headers {}
REQUESTING PAGE: GET /members/new?parent=1 with {} and HTTP headers {"HTTP_REFERER"=>"/families/1"}
REQUESTING PAGE: GET /families/1 with {} and HTTP headers {}
REQUESTING PAGE: GET /families/1 with {} and HTTP headers {}
REQUESTING PAGE: GET /families/1 with {} and HTTP headers {}
REQUESTING PAGE: GET /families/1 with {} and HTTP headers {}
REQUESTING PAGE: GET /families/1 with {} and HTTP headers {}
REQUESTING PAGE: GET /families/1 with {} and HTTP headers {}
REQUESTING PAGE: GET /families/1 with {} and HTTP headers {}
REQUESTING PAGE: GET /families/1 with {} and HTTP headers {}
REQUESTING PAGE: GET /members/new?spouse=1 with {} and HTTP headers {"HTTP_REFERER"=>"/families/1"}
REQUESTING PAGE: GET /families/1 with {} and HTTP headers {}
REQUESTING PAGE: GET /members/new?parent=1 with {} and HTTP headers {"HTTP_REFERER"=>"/families/1"}
REQUESTING PAGE: GET /families/1 with {} and HTTP headers {}
REQUESTING PAGE: GET /families/1 with {} and HTTP headers {}
REQUESTING PAGE: GET /families/1 with {} and HTTP headers {}
REQUESTING PAGE: GET /families/1 with {} and HTTP headers {}
REQUESTING PAGE: GET /families/1 with {} and HTTP headers {}
REQUESTING PAGE: GET /families/1 with {} and HTTP headers {}
REQUESTING PAGE: GET /families/1 with {} and HTTP headers {}
REQUESTING PAGE: GET /families/1 with {} and HTTP headers {}
REQUESTING PAGE: GET /members/new?spouse=1 with {} and HTTP headers {"HTTP_REFERER"=>"/families/1"}
REQUESTING PAGE: GET /families/1 with {} and HTTP headers {}
REQUESTING PAGE: GET /members/new?parent=1 with {} and HTTP headers {"HTTP_REFERER"=>"/families/1"}
REQUESTING PAGE: GET /families/1 with {} and HTTP headers {}
REQUESTING PAGE: GET /families/1 with {} and HTTP headers {}
REQUESTING PAGE: GET /families/1 with {} and HTTP headers {}
REQUESTING PAGE: GET /families/1 with {} and HTTP headers {}
REQUESTING PAGE: GET /families/1 with {} and HTTP headers {}
REQUESTING PAGE: GET /members/new?spouse=1 with {} and HTTP headers {"HTTP_REFERER"=>"/families/1"}
REQUESTING PAGE: GET /families/1 with {} and HTTP headers {}
REQUESTING PAGE: GET /members/new?parent=1 with {} and HTTP headers {"HTTP_REFERER"=>"/families/1"}
REQUESTING PAGE: GET /families/1 with {} and HTTP headers {}
REQUESTING PAGE: GET /families/1 with {} and HTTP headers {}
REQUESTING PAGE: GET /families/1 with {} and HTTP headers {}
REQUESTING PAGE: GET /families/1 with {} and HTTP headers {}
REQUESTING PAGE: GET /families/1 with {} and HTTP headers {}
REQUESTING PAGE: GET /families/1 with {} and HTTP headers {}
REQUESTING PAGE: GET /families/1 with {} and HTTP headers {}
REQUESTING PAGE: GET /families/1 with {} and HTTP headers {}
REQUESTING PAGE: GET /members/new?spouse=1 with {} and HTTP headers {"HTTP_REFERER"=>"/families/1"}
REQUESTING PAGE: GET /families/1 with {} and HTTP headers {}
REQUESTING PAGE: GET /members/new?parent=1 with {} and HTTP headers {"HTTP_REFERER"=>"/families/1"}
REQUESTING PAGE: GET /families/1 with {} and HTTP headers {}
REQUESTING PAGE: GET /families/1 with {} and HTTP headers {}
REQUESTING PAGE: GET /families/1 with {} and HTTP headers {}
REQUESTING PAGE: GET /families/1 with {} and HTTP headers {}
REQUESTING PAGE: GET /families/1 with {} and HTTP headers {}
REQUESTING PAGE: GET /families/1 with {} and HTTP headers {}
REQUESTING PAGE: GET /families/1 with {} and HTTP headers {}
